<?xml version="1.0" encoding="UTF-8"?>
<!-- Generated by org.testng.reporters.JUnitReportReporter -->
<testsuite skipped="0" hostname="LAPTOP-FBFACADN" name="com.projects.testcases.CreateComputer" tests="3" failures="0" timestamp="2020-12-07T12:35:11 IST" time="4.291" errors="0">
  <testcase name="AddComputer" time="2.691" classname="com.projects.testcases.CreateComputer"/>
  <testcase name="Inputdata" time="0.589" classname="com.projects.testcases.CreateComputer"/>
  <testcase name="clickandverify" time="1.011" classname="com.projects.testcases.CreateComputer"/>
</testsuite> <!-- com.projects.testcases.CreateComputer -->
