<?xml version="1.0" encoding="UTF-8"?>
<!-- Generated by org.testng.reporters.JUnitReportReporter -->
<testsuite skipped="0" hostname="LAPTOP-FBFACADN" name="com.projects.testcases.SearchAndDelete" tests="3" failures="0" timestamp="2020-12-07T12:35:11 IST" time="3.337" errors="0">
  <testcase name="searchandopen" time="1.794" classname="com.projects.testcases.SearchAndDelete"/>
  <testcase name="deleteandverifymsg" time="1.508" classname="com.projects.testcases.SearchAndDelete"/>
  <testcase name="verify" time="0.035" classname="com.projects.testcases.SearchAndDelete"/>
</testsuite> <!-- com.projects.testcases.SearchAndDelete -->
